[2m2025-09-02-20-27-55[22m [32minfo[39m: 
[2m2025-09-02-20-28-04[22m [32minfo[39m: Success => connect with database
[2m2025-09-02-20-28-17[22m [33mwarn[39m: Success => connect with database
[2m2025-09-02-20-28-21[22m [32minfo[39m: Success => connect with database
[2m2025-09-02-20-28-26[22m [32minfo[39m: Success => connect with database
[2m2025-09-02-20-28-31[22m [32minfo[39m: Success => connect with database
[2m2025-09-02-20-28-34[22m [32minfo[39m: Success => connect with database
[2m2025-09-02-20-28-42[22m [32minfo[39m: Success => connect with database
[2m2025-09-02-20-28-46[22m [32minfo[39m: Success => connect with database
[2m2025-09-02-20-28-46[22m [32minfo[39m: Server is running on port 3000
[2m2025-09-02-20-29-25[22m [32minfo[39m: Success => connect with database
[2m2025-09-02-20-29-25[22m [32minfo[39m: Server is running on port 3000
[2m2025-09-02-20-29-33[22m [32minfo[39m: Success => connect with database
[2m2025-09-02-20-29-33[22m [32minfo[39m: Server is running on port 3000
[2m2025-09-02-20-29-42[22m [32minfo[39m: Success => connect with database
[2m2025-09-02-20-29-42[22m [32minfo[39m: Server is running on port 3000
[2m2025-09-02-20-29-46[22m [32minfo[39m: Success => connect with database
[2m2025-09-02-20-29-46[22m [32minfo[39m: Server is running on port 3000
[2m2025-09-02-20-30-11[22m [32minfo[39m: Success => connect with database
[2m2025-09-02-20-30-11[22m [32minfo[39m: Server is running on port 3000
[2m2025-09-02-20-30-17[22m [32minfo[39m: Success => connect with database
[2m2025-09-02-20-30-17[22m [32minfo[39m: Server is running on port 3000
[2m2025-09-02-20-30-21[22m [32minfo[39m: Success => connect with database
[2m2025-09-02-20-30-21[22m [32minfo[39m: Server is running on port 3000
[2m2025-09-02-20-30-43[22m [32minfo[39m: Success => connect with database
[2m2025-09-02-20-30-43[22m [32minfo[39m: Server is running on port 3000
[2m2025-09-02-20-30-50[22m [32minfo[39m: Success => connect with database
[2m2025-09-02-20-30-50[22m [32minfo[39m: Server is running on port 3000
[2m2025-09-02-20-30-52[22m [32minfo[39m: Success => connect with database
[2m2025-09-02-20-30-52[22m [32minfo[39m: Server is running on port 3000
[2m2025-09-02-20-31-02[22m [32minfo[39m: Success => connect with database
[2m2025-09-02-20-31-02[22m [32minfo[39m: Server is running on port 3000
[2m2025-09-02-20-31-04[22m [32minfo[39m: Success => connect with database
[2m2025-09-02-20-31-04[22m [32minfo[39m: Server is running on port 3000
[2m2025-09-02-20-31-09[22m [32minfo[39m: Success => connect with database
[2m2025-09-02-20-31-09[22m [32minfo[39m: Server is running on port 3000
[2m2025-09-02-20-31-10[22m [32minfo[39m: Success => connect with database
[2m2025-09-02-20-31-10[22m [32minfo[39m: Server is running on port 3000
[2m2025-09-02-20-31-17[22m [32minfo[39m: Success => connect with database
[2m2025-09-02-20-31-17[22m [32minfo[39m: Server is running on port 3000
[2m2025-09-02-20-31-20[22m [32minfo[39m: Success => connect with database
[2m2025-09-02-20-31-20[22m [32minfo[39m: Server is running on port 3000
[2m2025-09-02-20-31-57[22m [32minfo[39m: Success => connect with database
[2m2025-09-02-20-31-57[22m [32minfo[39m: Server is running on port 3000
[2m2025-09-02-20-31-58[22m [32minfo[39m: Success => connect with database
[2m2025-09-02-20-31-58[22m [32minfo[39m: Server is running on port 3000
[2m2025-09-02-20-32-41[22m [32minfo[39m: Success => connect with database
[2m2025-09-02-20-32-41[22m [32minfo[39m: Server is running on port 3000
[2m2025-09-02-20-33-57[22m [32minfo[39m: Success => connect with database
[2m2025-09-02-20-33-57[22m [32minfo[39m: Server is running on port 3000
[2m2025-09-02-20-34-42[22m [32minfo[39m: Success => connect with database
[2m2025-09-02-20-34-42[22m [32minfo[39m: Server is running on port 3000
[2m2025-09-02-20-34-46[22m [32minfo[39m: Success => connect with database
[2m2025-09-02-20-34-46[22m [32minfo[39m: Server is running on port 3000
[2m2025-09-02-20-34-53[22m [32minfo[39m: Success => connect with database
[2m2025-09-02-20-34-53[22m [32minfo[39m: Server is running on port 3000
[2m2025-09-02-20-34-55[22m [32minfo[39m: Success => connect with database
[2m2025-09-02-20-34-55[22m [32minfo[39m: Server is running on port 3000
[2m2025-09-02-20-35-02[22m [32minfo[39m: Success => connect with database
[2m2025-09-02-20-35-02[22m [32minfo[39m: Server is running on port 3000
[2m2025-09-02-20-35-13[22m [32minfo[39m: Success => connect with database
[2m2025-09-02-20-35-13[22m [32minfo[39m: Server is running on port 3000
[2m2025-09-02-20-39-22[22m [32minfo[39m: Success => connect with database
[2m2025-09-02-20-39-22[22m [32minfo[39m: Server is running on port 3000
[2m2025-09-02-20-39-34[22m [32minfo[39m: Success => connect with database
[2m2025-09-02-20-39-34[22m [32minfo[39m: Server is running on port 3000
[2m2025-09-02-20-39-41[22m [32minfo[39m: Success => connect with database
[2m2025-09-02-20-39-41[22m [32minfo[39m: Server is running on port 3000
[2m2025-09-02-20-39-44[22m [32minfo[39m: Success => connect with database
[2m2025-09-02-20-39-44[22m [32minfo[39m: Server is running on port 3000
[2m2025-09-02-20-39-54[22m [32minfo[39m: Success => connect with database
[2m2025-09-02-20-39-54[22m [32minfo[39m: Server is running on port 3000
[2m2025-09-02-20-40-03[22m [32minfo[39m: Success => connect with database
[2m2025-09-02-20-40-03[22m [32minfo[39m: Server is running on port 3000
[2m2025-09-02-21-13-33[22m [32minfo[39m: Success => connect with database
[2m2025-09-02-21-13-33[22m [32minfo[39m: Server is running on port 3000
[2m2025-09-02-21-14-23[22m [32minfo[39m: Success => connect with database
[2m2025-09-02-21-14-23[22m [32minfo[39m: Server is running on port 3000
[2m2025-09-02-22-04-52[22m [32minfo[39m: Success => connect with database
[2m2025-09-02-22-04-52[22m [32minfo[39m: Server is running on port 3000
[2m2025-09-02-22-06-14[22m [32minfo[39m: Success => connect with database
[2m2025-09-02-22-06-14[22m [32minfo[39m: Server is running on port 3000
[2m2025-09-02-22-06-18[22m [36mhttp[39m: GET /api/student 200 232 - 5.873 ms
[2m2025-09-02-22-06-26[22m [36mhttp[39m: GET /api/students 404 151 - 1.526 ms
[2m2025-09-02-22-06-30[22m [36mhttp[39m: GET /api/student 200 232 - 33.856 ms
[2m2025-09-02-22-16-58[22m [32minfo[39m: Success => connect with database
[2m2025-09-02-22-16-58[22m [32minfo[39m: Server is running on port 3000
[2m2025-09-02-22-17-07[22m [36mhttp[39m: GET /api/students/genders 200 232 - 6.292 ms
[2m2025-09-02-22-17-11[22m [31merror[39m: column s.gender does not exist
[2m2025-09-02-22-17-11[22m [36mhttp[39m: GET /api/students 500 60 - 13.927 ms
[2m2025-09-02-22-17-41[22m [32minfo[39m: Success => connect with database
[2m2025-09-02-22-17-41[22m [32minfo[39m: Server is running on port 3000
[2m2025-09-02-22-17-46[22m [32minfo[39m: Success => connect with database
[2m2025-09-02-22-17-46[22m [32minfo[39m: Server is running on port 3000
[2m2025-09-02-22-17-47[22m [32minfo[39m: Success => connect with database
[2m2025-09-02-22-17-47[22m [32minfo[39m: Server is running on port 3000
[2m2025-09-02-22-18-00[22m [32minfo[39m: Success => connect with database
[2m2025-09-02-22-18-00[22m [32minfo[39m: Server is running on port 3000
[2m2025-09-02-22-18-04[22m [32minfo[39m: Success => connect with database
[2m2025-09-02-22-18-04[22m [32minfo[39m: Server is running on port 3000
[2m2025-09-02-22-18-08[22m [32minfo[39m: Success => connect with database
[2m2025-09-02-22-18-08[22m [32minfo[39m: Server is running on port 3000
[2m2025-09-02-22-18-11[22m [32minfo[39m: Success => connect with database
[2m2025-09-02-22-18-11[22m [32minfo[39m: Server is running on port 3000
[2m2025-09-02-22-18-14[22m [32minfo[39m: Success => connect with database
[2m2025-09-02-22-18-14[22m [32minfo[39m: Server is running on port 3000
[2m2025-09-02-22-18-18[22m [36mhttp[39m: GET /api/students 200 15782 - 27.534 ms
[2m2025-09-02-22-19-09[22m [32minfo[39m: Success => connect with database
[2m2025-09-02-22-19-09[22m [32minfo[39m: Server is running on port 3000
[2m2025-09-02-22-19-20[22m [32minfo[39m: Success => connect with database
[2m2025-09-02-22-19-20[22m [32minfo[39m: Server is running on port 3000
[2m2025-09-02-22-19-26[22m [32minfo[39m: Success => connect with database
[2m2025-09-02-22-19-26[22m [32minfo[39m: Server is running on port 3000
[2m2025-09-02-22-19-32[22m [32minfo[39m: Success => connect with database
[2m2025-09-02-22-19-32[22m [32minfo[39m: Server is running on port 3000
[2m2025-09-02-22-19-37[22m [32minfo[39m: Success => connect with database
[2m2025-09-02-22-19-37[22m [32minfo[39m: Server is running on port 3000
[2m2025-09-02-22-19-44[22m [32minfo[39m: Success => connect with database
[2m2025-09-02-22-19-44[22m [32minfo[39m: Server is running on port 3000
[2m2025-09-02-22-19-51[22m [32minfo[39m: Success => connect with database
[2m2025-09-02-22-19-51[22m [32minfo[39m: Server is running on port 3000
[2m2025-09-02-22-20-11[22m [32minfo[39m: Success => connect with database
[2m2025-09-02-22-20-11[22m [32minfo[39m: Server is running on port 3000
[2m2025-09-02-22-20-27[22m [32minfo[39m: Success => connect with database
[2m2025-09-02-22-20-28[22m [32minfo[39m: Server is running on port 3000
[2m2025-09-02-22-20-32[22m [32minfo[39m: Success => connect with database
[2m2025-09-02-22-20-32[22m [32minfo[39m: Server is running on port 3000
[2m2025-09-02-22-20-50[22m [32minfo[39m: Success => connect with database
[2m2025-09-02-22-20-50[22m [32minfo[39m: Server is running on port 3000
[2m2025-09-02-22-20-52[22m [31merror[39m: syntax error at or near "status"
[2m2025-09-02-22-20-52[22m [36mhttp[39m: GET /api/students 500 64 - 8.552 ms
[2m2025-09-02-22-21-21[22m [32minfo[39m: Success => connect with database
[2m2025-09-02-22-21-21[22m [32minfo[39m: Server is running on port 3000
[2m2025-09-02-22-21-23[22m [31merror[39m: syntax error at or near "course_status"
[2m2025-09-02-22-21-23[22m [36mhttp[39m: GET /api/students 500 71 - 5.739 ms
[2m2025-09-02-22-21-37[22m [32minfo[39m: Success => connect with database
[2m2025-09-02-22-21-37[22m [32minfo[39m: Server is running on port 3000
[2m2025-09-02-22-21-38[22m [31merror[39m: syntax error at or near "course_status"
[2m2025-09-02-22-21-38[22m [36mhttp[39m: GET /api/students 500 71 - 5.374 ms
[2m2025-09-02-22-21-49[22m [32minfo[39m: Success => connect with database
[2m2025-09-02-22-21-49[22m [32minfo[39m: Server is running on port 3000
[2m2025-09-02-22-21-51[22m [32minfo[39m: Success => connect with database
[2m2025-09-02-22-21-51[22m [32minfo[39m: Server is running on port 3000
[2m2025-09-02-22-21-53[22m [31merror[39m: syntax error at or near "current_students"
[2m2025-09-02-22-21-53[22m [36mhttp[39m: GET /api/students 500 74 - 4.836 ms
[2m2025-09-02-22-21-58[22m [32minfo[39m: Success => connect with database
[2m2025-09-02-22-21-58[22m [32minfo[39m: Server is running on port 3000
[2m2025-09-02-22-28-41[22m [32minfo[39m: Success => connect with database
[2m2025-09-02-22-28-41[22m [32minfo[39m: Server is running on port 3000
[2m2025-09-02-22-28-43[22m [36mhttp[39m: GET /api/students 200 43791 - 14.756 ms
[2m2025-09-02-22-33-24[22m [32minfo[39m: Success => connect with database
[2m2025-09-02-22-33-24[22m [32minfo[39m: Server is running on port 3000
[2m2025-09-02-22-33-28[22m [36mhttp[39m: GET /api/students 200 43791 - 14.989 ms
[2m2025-09-02-22-33-40[22m [32minfo[39m: Success => connect with database
[2m2025-09-02-22-33-40[22m [32minfo[39m: Server is running on port 3000
[2m2025-09-02-22-33-41[22m [32minfo[39m: Success => connect with database
[2m2025-09-02-22-33-41[22m [32minfo[39m: Server is running on port 3000
[2m2025-09-02-22-33-44[22m [32minfo[39m: Success => connect with database
[2m2025-09-02-22-33-44[22m [32minfo[39m: Server is running on port 3000
[2m2025-09-02-22-33-47[22m [36mhttp[39m: GET /api/students 200 43791 - 14.165 ms
[2m2025-09-02-22-34-36[22m [32minfo[39m: Success => connect with database
[2m2025-09-02-22-34-36[22m [32minfo[39m: Server is running on port 3000
[2m2025-09-02-22-34-43[22m [32minfo[39m: Success => connect with database
[2m2025-09-02-22-34-43[22m [32minfo[39m: Server is running on port 3000
[2m2025-09-02-22-40-21[22m [32minfo[39m: Success => connect with database
[2m2025-09-02-22-40-21[22m [32minfo[39m: Server is running on port 3000
[2m2025-09-02-22-40-24[22m [31merror[39m: req.query is not a function
[2m2025-09-02-22-40-24[22m [36mhttp[39m: GET /api/students 500 57 - 2.988 ms
[2m2025-09-02-22-40-35[22m [32minfo[39m: Success => connect with database
[2m2025-09-02-22-40-35[22m [32minfo[39m: Server is running on port 3000
[2m2025-09-02-22-40-37[22m [31merror[39m: req.parmas is not a function
[2m2025-09-02-22-40-37[22m [36mhttp[39m: GET /api/students 500 58 - 3.782 ms
[2m2025-09-02-22-41-03[22m [32minfo[39m: Success => connect with database
[2m2025-09-02-22-41-03[22m [32minfo[39m: Server is running on port 3000
[2m2025-09-02-22-41-05[22m [32minfo[39m: Success => connect with database
[2m2025-09-02-22-41-05[22m [32minfo[39m: Server is running on port 3000
[2m2025-09-02-22-41-07[22m [31merror[39m: Query values must be an array
[2m2025-09-02-22-41-07[22m [36mhttp[39m: GET /api/students 500 59 - 4.503 ms
[2m2025-09-02-22-41-22[22m [32minfo[39m: Success => connect with database
[2m2025-09-02-22-41-22[22m [32minfo[39m: Server is running on port 3000
[2m2025-09-02-22-41-24[22m [31merror[39m: Cannot convert object to primitive value
[2m2025-09-02-22-41-24[22m [36mhttp[39m: GET /api/students 500 70 - 3.318 ms
[2m2025-09-02-22-41-58[22m [32minfo[39m: Success => connect with database
[2m2025-09-02-22-41-58[22m [32minfo[39m: Server is running on port 3000
[2m2025-09-02-22-42-00[22m [32minfo[39m: Success => connect with database
[2m2025-09-02-22-42-00[22m [32minfo[39m: Server is running on port 3000
[2m2025-09-02-22-42-03[22m [32minfo[39m: Success => connect with database
[2m2025-09-02-22-42-03[22m [32minfo[39m: Server is running on port 3000
[2m2025-09-02-22-42-04[22m [31merror[39m: Cannot convert object to primitive value
[2m2025-09-02-22-42-05[22m [36mhttp[39m: GET /api/students 500 70 - 3.025 ms
[2m2025-09-02-22-43-08[22m [32minfo[39m: Success => connect with database
[2m2025-09-02-22-43-08[22m [32minfo[39m: Server is running on port 3000
[2m2025-09-02-22-43-12[22m [32minfo[39m: Success => connect with database
[2m2025-09-02-22-43-12[22m [32minfo[39m: Server is running on port 3000
[2m2025-09-02-22-43-15[22m [32minfo[39m: Success => connect with database
[2m2025-09-02-22-43-15[22m [32minfo[39m: Server is running on port 3000
[2m2025-09-02-22-43-16[22m [32minfo[39m: Success => connect with database
[2m2025-09-02-22-43-16[22m [32minfo[39m: Server is running on port 3000
[2m2025-09-02-22-43-18[22m [36mhttp[39m: GET /api/students 200 43791 - 14.215 ms
[2m2025-09-02-22-43-28[22m [31merror[39m: Query values must be an array
[2m2025-09-02-22-43-28[22m [36mhttp[39m: GET /api/students?q=aye 500 59 - 2.556 ms
[2m2025-09-02-22-45-14[22m [32minfo[39m: Success => connect with database
[2m2025-09-02-22-45-14[22m [32minfo[39m: Server is running on port 3000
[2m2025-09-02-22-45-18[22m [32minfo[39m: Success => connect with database
[2m2025-09-02-22-45-18[22m [32minfo[39m: Server is running on port 3000
[2m2025-09-02-22-45-21[22m [36mhttp[39m: GET /api/students?q=aye 200 43791 - 15.579 ms
[2m2025-09-02-22-45-40[22m [32minfo[39m: Success => connect with database
[2m2025-09-02-22-45-40[22m [32minfo[39m: Server is running on port 3000
[2m2025-09-02-22-45-42[22m [32minfo[39m: Success => connect with database
[2m2025-09-02-22-45-42[22m [32minfo[39m: Server is running on port 3000
[2m2025-09-02-22-45-45[22m [32minfo[39m: Success => connect with database
[2m2025-09-02-22-45-45[22m [32minfo[39m: Server is running on port 3000
[2m2025-09-02-22-45-47[22m [36mhttp[39m: GET /api/students?q=aye 200 43791 - 14.183 ms
[2m2025-09-02-22-46-08[22m [31merror[39m: Cannot destructure property 'query' of 'req.query.q' as it is undefined.
[2m2025-09-02-22-46-08[22m [36mhttp[39m: GET /api/students 500 102 - 1.789 ms
[2m2025-09-02-22-46-47[22m [32minfo[39m: Success => connect with database
[2m2025-09-02-22-46-47[22m [32minfo[39m: Server is running on port 3000
[2m2025-09-02-22-47-40[22m [32minfo[39m: Success => connect with database
[2m2025-09-02-22-47-40[22m [32minfo[39m: Server is running on port 3000
[2m2025-09-02-22-47-42[22m [36mhttp[39m: GET /api/students 200 43791 - 15.018 ms
[2m2025-09-02-22-47-52[22m [31merror[39m: Query values must be an array
[2m2025-09-02-22-47-52[22m [36mhttp[39m: GET /api/students?q=aye 500 59 - 2.376 ms
[2m2025-09-02-22-49-37[22m [32minfo[39m: Success => connect with database
[2m2025-09-02-22-49-37[22m [32minfo[39m: Server is running on port 3000
[2m2025-09-02-22-49-47[22m [32minfo[39m: Success => connect with database
[2m2025-09-02-22-49-47[22m [32minfo[39m: Server is running on port 3000
[2m2025-09-02-22-49-48[22m [32minfo[39m: Success => connect with database
[2m2025-09-02-22-49-49[22m [32minfo[39m: Server is running on port 3000
[2m2025-09-02-22-49-50[22m [32minfo[39m: Success => connect with database
[2m2025-09-02-22-49-50[22m [32minfo[39m: Server is running on port 3000
[2m2025-09-02-22-49-56[22m [32minfo[39m: Success => connect with database
[2m2025-09-02-22-49-56[22m [32minfo[39m: Server is running on port 3000
[2m2025-09-02-22-49-58[22m [36mhttp[39m: GET /api/students?q=aye 200 2233 - 21.095 ms
[2m2025-09-02-22-50-04[22m [36mhttp[39m: GET /api/students?q=moe 200 2264 - 2.549 ms
[2m2025-09-02-22-52-37[22m [32minfo[39m: Success => connect with database
[2m2025-09-02-22-52-37[22m [32minfo[39m: Server is running on port 3000
[2m2025-09-02-22-55-30[22m [32minfo[39m: Success => connect with database
[2m2025-09-02-22-55-30[22m [32minfo[39m: Server is running on port 3000
[2m2025-09-02-22-56-03[22m [32minfo[39m: Success => connect with database
[2m2025-09-02-22-56-03[22m [32minfo[39m: Server is running on port 3000
[2m2025-09-02-22-56-11[22m [32minfo[39m: Success => connect with database
[2m2025-09-02-22-56-11[22m [32minfo[39m: Server is running on port 3000
[2m2025-09-02-22-56-14[22m [36mhttp[39m: GET /api/students?q=moe 200 2264 - 12.753 ms
[2m2025-09-02-22-56-43[22m [36mhttp[39m: GET /api/students?q=moe 200 2264 - 38.348 ms
[2m2025-09-02-22-56-54[22m [32minfo[39m: Success => connect with database
[2m2025-09-02-22-56-54[22m [32minfo[39m: Server is running on port 3000
[2m2025-09-02-22-56-56[22m [36mhttp[39m: GET /api/students?q=moe 200 2326 - 10.857 ms
[2m2025-09-02-22-57-17[22m [32minfo[39m: Success => connect with database
[2m2025-09-02-22-57-17[22m [32minfo[39m: Server is running on port 3000
[2m2025-09-02-22-57-19[22m [32minfo[39m: Success => connect with database
[2m2025-09-02-22-57-19[22m [32minfo[39m: Server is running on port 3000
[2m2025-09-02-22-57-29[22m [32minfo[39m: Success => connect with database
[2m2025-09-02-22-57-29[22m [32minfo[39m: Server is running on port 3000
[2m2025-09-02-22-57-45[22m [32minfo[39m: Success => connect with database
[2m2025-09-02-22-57-45[22m [32minfo[39m: Server is running on port 3000
[2m2025-09-02-22-57-56[22m [32minfo[39m: Success => connect with database
[2m2025-09-02-22-57-56[22m [32minfo[39m: Server is running on port 3000
[2m2025-09-02-22-58-33[22m [32minfo[39m: Success => connect with database
[2m2025-09-02-22-58-33[22m [32minfo[39m: Server is running on port 3000
[2m2025-09-02-22-58-46[22m [32minfo[39m: Success => connect with database
[2m2025-09-02-22-58-46[22m [32minfo[39m: Server is running on port 3000
[2m2025-09-02-22-59-04[22m [32minfo[39m: Success => connect with database
[2m2025-09-02-22-59-04[22m [32minfo[39m: Server is running on port 3000
[2m2025-09-02-22-59-11[22m [32minfo[39m: Success => connect with database
[2m2025-09-02-22-59-11[22m [32minfo[39m: Server is running on port 3000
[2m2025-09-02-22-59-18[22m [32minfo[39m: Success => connect with database
[2m2025-09-02-22-59-18[22m [32minfo[39m: Server is running on port 3000
[2m2025-09-02-22-59-23[22m [32minfo[39m: Success => connect with database
[2m2025-09-02-22-59-23[22m [32minfo[39m: Server is running on port 3000
[2m2025-09-02-22-59-26[22m [32minfo[39m: Success => connect with database
[2m2025-09-02-22-59-26[22m [32minfo[39m: Server is running on port 3000
[2m2025-09-02-22-59-32[22m [32minfo[39m: Success => connect with database
[2m2025-09-02-22-59-32[22m [32minfo[39m: Server is running on port 3000
[2m2025-09-02-22-59-35[22m [32minfo[39m: Success => connect with database
[2m2025-09-02-22-59-35[22m [32minfo[39m: Server is running on port 3000
[2m2025-09-02-22-59-43[22m [32minfo[39m: Success => connect with database
[2m2025-09-02-22-59-43[22m [32minfo[39m: Server is running on port 3000
[2m2025-09-02-23-00-10[22m [32minfo[39m: Success => connect with database
[2m2025-09-02-23-00-10[22m [32minfo[39m: Server is running on port 3000
[2m2025-09-02-23-00-11[22m [32minfo[39m: Success => connect with database
[2m2025-09-02-23-00-11[22m [32minfo[39m: Server is running on port 3000
[2m2025-09-02-23-00-13[22m [32minfo[39m: Success => connect with database
[2m2025-09-02-23-00-13[22m [32minfo[39m: Server is running on port 3000
[2m2025-09-02-23-00-25[22m [32minfo[39m: Success => connect with database
[2m2025-09-02-23-00-26[22m [32minfo[39m: Server is running on port 3000
[2m2025-09-02-23-00-29[22m [32minfo[39m: Success => connect with database
[2m2025-09-02-23-00-29[22m [32minfo[39m: Server is running on port 3000
[2m2025-09-02-23-00-33[22m [32minfo[39m: Success => connect with database
[2m2025-09-02-23-00-33[22m [32minfo[39m: Server is running on port 3000
[2m2025-09-02-23-00-38[22m [32minfo[39m: Success => connect with database
[2m2025-09-02-23-00-38[22m [32minfo[39m: Server is running on port 3000
[2m2025-09-02-23-00-46[22m [32minfo[39m: Success => connect with database
[2m2025-09-02-23-00-46[22m [32minfo[39m: Server is running on port 3000
[2m2025-09-02-23-00-56[22m [32minfo[39m: Success => connect with database
[2m2025-09-02-23-00-56[22m [32minfo[39m: Server is running on port 3000
[2m2025-09-02-23-00-57[22m [32minfo[39m: Success => connect with database
[2m2025-09-02-23-00-57[22m [32minfo[39m: Server is running on port 3000
[2m2025-09-02-23-00-59[22m [32minfo[39m: Success => connect with database
[2m2025-09-02-23-00-59[22m [32minfo[39m: Server is running on port 3000
[2m2025-09-02-23-01-04[22m [32minfo[39m: Success => connect with database
[2m2025-09-02-23-01-04[22m [32minfo[39m: Server is running on port 3000
[2m2025-09-02-23-01-11[22m [32minfo[39m: Success => connect with database
[2m2025-09-02-23-01-11[22m [32minfo[39m: Server is running on port 3000
[2m2025-09-02-23-01-15[22m [32minfo[39m: Success => connect with database
[2m2025-09-02-23-01-15[22m [32minfo[39m: Server is running on port 3000
[2m2025-09-02-23-01-22[22m [32minfo[39m: Success => connect with database
[2m2025-09-02-23-01-22[22m [32minfo[39m: Server is running on port 3000
[2m2025-09-02-23-01-27[22m [32minfo[39m: Success => connect with database
[2m2025-09-02-23-01-27[22m [32minfo[39m: Server is running on port 3000
[2m2025-09-02-23-01-31[22m [32minfo[39m: Success => connect with database
[2m2025-09-02-23-01-31[22m [32minfo[39m: Server is running on port 3000
[2m2025-09-02-23-01-32[22m [32minfo[39m: Success => connect with database
[2m2025-09-02-23-01-32[22m [32minfo[39m: Server is running on port 3000
[2m2025-09-02-23-01-37[22m [32minfo[39m: Success => connect with database
[2m2025-09-02-23-01-37[22m [32minfo[39m: Server is running on port 3000
[2m2025-09-02-23-01-53[22m [32minfo[39m: Success => connect with database
[2m2025-09-02-23-01-53[22m [32minfo[39m: Server is running on port 3000
[2m2025-09-02-23-01-55[22m [32minfo[39m: Success => connect with database
[2m2025-09-02-23-01-55[22m [32minfo[39m: Server is running on port 3000
[2m2025-09-02-23-01-56[22m [32minfo[39m: Success => connect with database
[2m2025-09-02-23-01-56[22m [32minfo[39m: Server is running on port 3000
[2m2025-09-02-23-01-59[22m [32minfo[39m: Success => connect with database
[2m2025-09-02-23-01-59[22m [32minfo[39m: Server is running on port 3000
[2m2025-09-02-23-02-09[22m [32minfo[39m: Success => connect with database
[2m2025-09-02-23-02-09[22m [32minfo[39m: Server is running on port 3000
[2m2025-09-02-23-02-13[22m [32minfo[39m: Success => connect with database
[2m2025-09-02-23-02-13[22m [32minfo[39m: Server is running on port 3000
[2m2025-09-02-23-02-15[22m [32minfo[39m: Success => connect with database
[2m2025-09-02-23-02-15[22m [32minfo[39m: Server is running on port 3000
[2m2025-09-02-23-02-17[22m [32minfo[39m: Success => connect with database
[2m2025-09-02-23-02-17[22m [32minfo[39m: Server is running on port 3000
[2m2025-09-02-23-02-22[22m [32minfo[39m: Success => connect with database
[2m2025-09-02-23-02-22[22m [32minfo[39m: Server is running on port 3000
[2m2025-09-02-23-02-23[22m [32minfo[39m: Success => connect with database
[2m2025-09-02-23-02-23[22m [32minfo[39m: Server is running on port 3000
[2m2025-09-02-23-02-30[22m [32minfo[39m: Success => connect with database
[2m2025-09-02-23-02-30[22m [32minfo[39m: Server is running on port 3000
[2m2025-09-02-23-02-33[22m [32minfo[39m: Success => connect with database
[2m2025-09-02-23-02-33[22m [32minfo[39m: Server is running on port 3000
[2m2025-09-02-23-02-35[22m [32minfo[39m: Success => connect with database
[2m2025-09-02-23-02-35[22m [32minfo[39m: Server is running on port 3000
[2m2025-09-02-23-02-40[22m [32minfo[39m: Success => connect with database
[2m2025-09-02-23-02-40[22m [32minfo[39m: Server is running on port 3000
[2m2025-09-02-23-02-44[22m [32minfo[39m: Success => connect with database
[2m2025-09-02-23-02-44[22m [32minfo[39m: Server is running on port 3000
[2m2025-09-02-23-02-45[22m [32minfo[39m: Success => connect with database
[2m2025-09-02-23-02-45[22m [32minfo[39m: Server is running on port 3000
[2m2025-09-02-23-02-51[22m [32minfo[39m: Success => connect with database
[2m2025-09-02-23-02-51[22m [32minfo[39m: Server is running on port 3000
[2m2025-09-02-23-02-57[22m [32minfo[39m: Success => connect with database
[2m2025-09-02-23-02-57[22m [32minfo[39m: Server is running on port 3000
[2m2025-09-02-23-02-59[22m [32minfo[39m: Success => connect with database
[2m2025-09-02-23-02-59[22m [32minfo[39m: Server is running on port 3000
[2m2025-09-02-23-03-01[22m [32minfo[39m: Success => connect with database
[2m2025-09-02-23-03-01[22m [32minfo[39m: Server is running on port 3000
[2m2025-09-02-23-03-13[22m [32minfo[39m: Success => connect with database
[2m2025-09-02-23-03-13[22m [32minfo[39m: Server is running on port 3000
[2m2025-09-02-23-03-15[22m [32minfo[39m: Success => connect with database
[2m2025-09-02-23-03-15[22m [32minfo[39m: Server is running on port 3000
[2m2025-09-02-23-03-37[22m [32minfo[39m: Success => connect with database
[2m2025-09-02-23-03-37[22m [32minfo[39m: Server is running on port 3000
[2m2025-09-02-23-03-39[22m [32minfo[39m: Success => connect with database
[2m2025-09-02-23-03-39[22m [32minfo[39m: Server is running on port 3000
[2m2025-09-02-23-03-45[22m [32minfo[39m: Success => connect with database
[2m2025-09-02-23-03-45[22m [32minfo[39m: Server is running on port 3000
[2m2025-09-02-23-03-50[22m [32minfo[39m: Success => connect with database
[2m2025-09-02-23-03-50[22m [32minfo[39m: Server is running on port 3000
[2m2025-09-02-23-03-51[22m [32minfo[39m: Success => connect with database
[2m2025-09-02-23-03-51[22m [32minfo[39m: Server is running on port 3000
[2m2025-09-02-23-03-53[22m [32minfo[39m: Success => connect with database
[2m2025-09-02-23-03-53[22m [32minfo[39m: Server is running on port 3000
[2m2025-09-02-23-03-57[22m [32minfo[39m: Success => connect with database
[2m2025-09-02-23-03-57[22m [32minfo[39m: Server is running on port 3000
[2m2025-09-02-23-04-07[22m [32minfo[39m: Success => connect with database
[2m2025-09-02-23-04-07[22m [32minfo[39m: Server is running on port 3000
[2m2025-09-02-23-04-11[22m [32minfo[39m: Success => connect with database
[2m2025-09-02-23-04-11[22m [32minfo[39m: Server is running on port 3000
[2m2025-09-02-23-04-17[22m [32minfo[39m: Success => connect with database
[2m2025-09-02-23-04-17[22m [32minfo[39m: Server is running on port 3000
[2m2025-09-02-23-04-58[22m [32minfo[39m: Success => connect with database
[2m2025-09-02-23-04-58[22m [32minfo[39m: Server is running on port 3000
[2m2025-09-02-23-05-37[22m [31merror[39m: syntax error at or near "("
[2m2025-09-02-23-05-37[22m [36mhttp[39m: GET /api/courses 500 59 - 154.588 ms
[2m2025-09-02-23-06-12[22m [32minfo[39m: Success => connect with database
[2m2025-09-02-23-06-12[22m [32minfo[39m: Server is running on port 3000
[2m2025-09-02-23-06-13[22m [31merror[39m: missing FROM-clause entry for table "s"
[2m2025-09-02-23-06-13[22m [36mhttp[39m: GET /api/courses 500 71 - 6.008 ms
[2m2025-09-02-23-06-36[22m [32minfo[39m: Success => connect with database
[2m2025-09-02-23-06-36[22m [32minfo[39m: Server is running on port 3000
[2m2025-09-02-23-06-38[22m [36mhttp[39m: GET /api/courses 200 32591 - 11.457 ms
[2m2025-09-02-23-06-53[22m [32minfo[39m: Success => connect with database
[2m2025-09-02-23-06-53[22m [32minfo[39m: Server is running on port 3000
[2m2025-09-02-23-07-02[22m [32minfo[39m: Success => connect with database
[2m2025-09-02-23-07-02[22m [32minfo[39m: Server is running on port 3000
[2m2025-09-02-23-07-07[22m [32minfo[39m: Success => connect with database
[2m2025-09-02-23-07-07[22m [32minfo[39m: Server is running on port 3000
[2m2025-09-02-23-07-10[22m [32minfo[39m: Success => connect with database
[2m2025-09-02-23-07-10[22m [32minfo[39m: Server is running on port 3000
[2m2025-09-02-23-07-14[22m [32minfo[39m: Success => connect with database
[2m2025-09-02-23-07-14[22m [32minfo[39m: Server is running on port 3000
[2m2025-09-02-23-07-21[22m [32minfo[39m: Success => connect with database
[2m2025-09-02-23-07-21[22m [32minfo[39m: Server is running on port 3000
[2m2025-09-02-23-07-22[22m [31merror[39m: students is not defined
[2m2025-09-02-23-07-22[22m [36mhttp[39m: GET /api/courses 500 53 - 11.915 ms
[2m2025-09-02-23-07-30[22m [32minfo[39m: Success => connect with database
[2m2025-09-02-23-07-30[22m [32minfo[39m: Server is running on port 3000
[2m2025-09-02-23-07-30[22m [36mhttp[39m: GET /api/courses 200 32602 - 10.857 ms
[2m2025-09-02-23-08-27[22m [32minfo[39m: Success => connect with database
[2m2025-09-02-23-08-27[22m [32minfo[39m: Server is running on port 3000
[2m2025-09-02-23-08-32[22m [32minfo[39m: Success => connect with database
[2m2025-09-02-23-08-32[22m [32minfo[39m: Server is running on port 3000
[2m2025-09-02-23-08-38[22m [32minfo[39m: Success => connect with database
[2m2025-09-02-23-08-38[22m [32minfo[39m: Server is running on port 3000
[2m2025-09-02-23-08-49[22m [32minfo[39m: Success => connect with database
[2m2025-09-02-23-08-49[22m [32minfo[39m: Server is running on port 3000
[2m2025-09-02-23-08-55[22m [32minfo[39m: Success => connect with database
[2m2025-09-02-23-08-55[22m [32minfo[39m: Server is running on port 3000
[2m2025-09-02-23-08-57[22m [32minfo[39m: Success => connect with database
[2m2025-09-02-23-08-57[22m [32minfo[39m: Server is running on port 3000
[2m2025-09-02-23-09-02[22m [32minfo[39m: Success => connect with database
[2m2025-09-02-23-09-02[22m [32minfo[39m: Server is running on port 3000
[2m2025-09-02-23-09-16[22m [32minfo[39m: Success => connect with database
[2m2025-09-02-23-09-16[22m [32minfo[39m: Server is running on port 3000
[2m2025-09-02-23-09-21[22m [32minfo[39m: Success => connect with database
[2m2025-09-02-23-09-21[22m [32minfo[39m: Server is running on port 3000
[2m2025-09-02-23-09-24[22m [32minfo[39m: Success => connect with database
[2m2025-09-02-23-09-24[22m [32minfo[39m: Server is running on port 3000
[2m2025-09-02-23-09-34[22m [32minfo[39m: Success => connect with database
[2m2025-09-02-23-09-34[22m [32minfo[39m: Server is running on port 3000
[2m2025-09-02-23-09-53[22m [32minfo[39m: Success => connect with database
[2m2025-09-02-23-09-53[22m [32minfo[39m: Server is running on port 3000
[2m2025-09-02-23-09-54[22m [32minfo[39m: Success => connect with database
[2m2025-09-02-23-09-54[22m [32minfo[39m: Server is running on port 3000
[2m2025-09-02-23-09-59[22m [32minfo[39m: Success => connect with database
[2m2025-09-02-23-09-59[22m [32minfo[39m: Server is running on port 3000
[2m2025-09-02-23-10-04[22m [32minfo[39m: Success => connect with database
[2m2025-09-02-23-10-04[22m [32minfo[39m: Server is running on port 3000
[2m2025-09-02-23-10-08[22m [32minfo[39m: Success => connect with database
[2m2025-09-02-23-10-08[22m [32minfo[39m: Server is running on port 3000
[2m2025-09-02-23-10-12[22m [32minfo[39m: Success => connect with database
[2m2025-09-02-23-10-12[22m [32minfo[39m: Server is running on port 3000
[2m2025-09-02-23-10-14[22m [32minfo[39m: Success => connect with database
[2m2025-09-02-23-10-14[22m [32minfo[39m: Server is running on port 3000
[2m2025-09-02-23-10-17[22m [32minfo[39m: Success => connect with database
[2m2025-09-02-23-10-17[22m [32minfo[39m: Server is running on port 3000
[2m2025-09-02-23-10-20[22m [32minfo[39m: Success => connect with database
[2m2025-09-02-23-10-20[22m [32minfo[39m: Server is running on port 3000
[2m2025-09-02-23-10-23[22m [32minfo[39m: Success => connect with database
[2m2025-09-02-23-10-23[22m [32minfo[39m: Server is running on port 3000
[2m2025-09-02-23-10-26[22m [36mhttp[39m: GET /api/courses 200 32602 - 12.250 ms
[2m2025-09-02-23-10-35[22m [36mhttp[39m: GET /api/courses?q=AI 200 5638 - 3.176 ms
