[2m2025-09-02-22-17-11[22m [31merror[39m: column s.gender does not exist
[2m2025-09-02-22-20-52[22m [31merror[39m: syntax error at or near "status"
[2m2025-09-02-22-21-23[22m [31merror[39m: syntax error at or near "course_status"
[2m2025-09-02-22-21-38[22m [31merror[39m: syntax error at or near "course_status"
[2m2025-09-02-22-21-53[22m [31merror[39m: syntax error at or near "current_students"
[2m2025-09-02-22-40-24[22m [31merror[39m: req.query is not a function
[2m2025-09-02-22-40-37[22m [31merror[39m: req.parmas is not a function
[2m2025-09-02-22-41-07[22m [31merror[39m: Query values must be an array
[2m2025-09-02-22-41-24[22m [31merror[39m: Cannot convert object to primitive value
[2m2025-09-02-22-42-04[22m [31merror[39m: Cannot convert object to primitive value
[2m2025-09-02-22-43-28[22m [31merror[39m: Query values must be an array
[2m2025-09-02-22-46-08[22m [31merror[39m: Cannot destructure property 'query' of 'req.query.q' as it is undefined.
[2m2025-09-02-22-47-52[22m [31merror[39m: Query values must be an array
[2m2025-09-02-23-05-37[22m [31merror[39m: syntax error at or near "("
[2m2025-09-02-23-06-13[22m [31merror[39m: missing FROM-clause entry for table "s"
[2m2025-09-02-23-07-22[22m [31merror[39m: students is not defined
[2m2025-09-04-08-59-16[22m [31merror[39m: Unexpected token 'd', ...""status": ddff
}" is not valid JSON
[2m2025-09-04-14-17-13[22m [31merror[39m: loggers.info is not a function
[2m2025-09-04-16-51-52[22m [31merror[39m: Cannot read properties of undefined (reading 'traits')
[2m2025-09-04-20-10-30[22m [31merror[39m: syntax error at or near "where"
[2m2025-09-05-21-33-56[22m [31merror[39m: duplicate key value violates unique constraint "student_email_key"
[2m2025-09-05-21-35-46[22m [31merror[39m: duplicate key value violates unique constraint "student_email_key"
[2m2025-09-06-09-01-47[22m [31merror[39m: schema "s" does not exist
[2m2025-09-06-09-03-50[22m [31merror[39m: schema "s" does not exist
[2m2025-09-06-13-06-30[22m [31merror[39m: req is not defined
[2m2025-09-06-13-07-49[22m [31merror[39m: res.status is not a function
[2m2025-09-07-06-45-38[22m [31merror[39m: column c.current_limit does not exist
[2m2025-09-07-11-52-55[22m [31merror[39m: duplicate key value violates unique constraint "student_email_key"
[2m2025-09-07-19-44-47[22m [31merror[39m: Not found course with id=281
[2m2025-09-07-19-44-52[22m [31merror[39m: Not found course with id=281
[2m2025-09-07-19-59-15[22m [31merror[39m: Not found course with id=280
[2m2025-09-07-19-59-25[22m [31merror[39m: Not found course with id=280
[2m2025-09-07-19-59-26[22m [31merror[39m: Not found course with id=280
[2m2025-09-08-09-58-06[22m [31merror[39m: id is not defined
[2m2025-09-08-10-01-08[22m [31merror[39m: Course with id=272 
        of stuats is inactive or limit reached!
        
[2m2025-09-08-10-01-37[22m [31merror[39m: Course with id=272 of stuats is inactive or limit reached!
        
[2m2025-09-08-10-01-49[22m [31merror[39m: Course with id=272 of stuats is inactive or limit reached!
[2m2025-09-08-10-03-58[22m [31merror[39m: Course with id=244 of stuats is limit reached!
[2m2025-09-08-10-04-26[22m [31merror[39m: Course with id=244 of stuats is Inactive
[2m2025-09-08-10-04-59[22m [31merror[39m: id is not defined
[2m2025-09-08-18-16-59[22m [31merror[39m: Course with id=282 of stuats is Inactive
[2m2025-09-08-21-19-17[22m [31merror[39m: invalid input syntax for type integer: "{"studentId":"263"}"
[2m2025-09-08-21-19-28[22m [31merror[39m: invalid input syntax for type integer: "{"studentId":263}"
[2m2025-09-09-08-11-00[22m [31merror[39m: type "c" does not exist
[2m2025-09-09-08-11-02[22m [31merror[39m: type "c" does not exist
[2m2025-09-09-08-11-11[22m [31merror[39m: type "c" does not exist
[2m2025-09-09-08-11-16[22m [31merror[39m: type "c" does not exist
[2m2025-09-09-08-11-17[22m [31merror[39m: type "c" does not exist
[2m2025-09-09-08-11-17[22m [31merror[39m: type "c" does not exist
[2m2025-09-09-08-11-18[22m [31merror[39m: type "c" does not exist
[2m2025-09-09-08-11-29[22m [31merror[39m: type "c" does not exist
[2m2025-09-09-08-12-04[22m [31merror[39m: type "c" does not exist
[2m2025-09-09-08-13-02[22m [31merror[39m: type "c" does not exist
[2m2025-09-09-08-15-07[22m [31merror[39m: type "c" does not exist
[2m2025-09-09-08-15-07[22m [31merror[39m: type "c" does not exist
[2m2025-09-09-08-15-08[22m [31merror[39m: type "c" does not exist
[2m2025-09-09-08-15-09[22m [31merror[39m: type "c" does not exist
[2m2025-09-09-08-15-09[22m [31merror[39m: type "c" does not exist
[2m2025-09-09-08-15-10[22m [31merror[39m: type "c" does not exist
[2m2025-09-09-08-15-10[22m [31merror[39m: type "c" does not exist
[2m2025-09-09-08-15-13[22m [31merror[39m: type "c" does not exist
[2m2025-09-09-08-15-14[22m [31merror[39m: type "c" does not exist
[2m2025-09-09-08-16-05[22m [31merror[39m: type "c" does not exist
[2m2025-09-09-08-16-06[22m [31merror[39m: type "c" does not exist
[2m2025-09-09-08-20-35[22m [31merror[39m: Student id=455 is Inactive
[2m2025-09-09-14-52-15[22m [31merror[39m: req is not defined
[2m2025-09-09-14-53-28[22m [31merror[39m: column "current_student" does not exist
[2m2025-09-09-14-53-48[22m [31merror[39m: Can't find student id=465 join with course id=282
[2m2025-09-09-14-54-25[22m [31merror[39m: Failed to decrease current students in course with id=274
        when cancel join with student id=465
        
[2m2025-09-09-14-56-30[22m [31merror[39m: Can't find student id=465 join with course id=274
[2m2025-09-09-14-57-17[22m [31merror[39m: Failed to decrease current students in course with id=274
        when cancel join with student id=466
        
